<?xml version="1.0" encoding="UTF-8"?>
<!-- Generated by org.testng.reporters.JUnitReportReporter -->
<testsuite skipped="0" hostname="MININT-9C6A402" name="CucumberPjt01.com.CucumberPjt01.TestRunner" tests="1" failures="0" timestamp="21 Dec 2018 17:44:28 GMT" time="26.327" errors="0">
  <testcase name="feature" time="26.327" classname="CucumberPjt01.com.CucumberPjt01.TestRunner"/>
</testsuite> <!-- CucumberPjt01.com.CucumberPjt01.TestRunner -->
