<?xml version="1.0" encoding="UTF-8"?>
<!-- Generated by org.testng.reporters.JUnitReportReporter -->
<testsuite skipped="0" hostname="MININT-9C6A402" name="MavenProject02.com.MavenProject02.DriverScript" tests="1" failures="0" timestamp="20 Dec 2018 16:30:34 GMT" time="6.322" errors="0">
  <testcase name="tc_End2EndShoppingCartTest" time="6.322" classname="MavenProject02.com.MavenProject02.DriverScript"/>
</testsuite> <!-- MavenProject02.com.MavenProject02.DriverScript -->
