<?xml version="1.0" encoding="UTF-8"?>
<!-- Generated by org.testng.reporters.JUnitReportReporter -->
<testsuite skipped="0" hostname="MININT-9C6A402" name="MavenProject01.com.MavenProject01.Tests.TEST01" tests="1" failures="0" timestamp="19 Dec 2018 16:04:14 GMT" time="0.005" errors="0">
  <testcase name="tc_TEST" time="0.005" classname="MavenProject01.com.MavenProject01.Tests.TEST01"/>
</testsuite> <!-- MavenProject01.com.MavenProject01.Tests.TEST01 -->
